\BOOKMARK [1][-]{section.1}{\376\377\000C\000o\000n\000t\000e\000x\000t\000e\000\040\000g\000\351\000n\000\351\000r\000a\000l}{}% 1
\BOOKMARK [2][-]{subsection.1.1}{\376\377\000R\000a\000p\000p\000e\000l\000\040\000d\000e\000s\000\040\000o\000b\000j\000e\000c\000t\000i\000f\000s}{section.1}% 2
\BOOKMARK [2][-]{subsection.1.2}{\376\377\000A\000v\000a\000n\000t\000a\000g\000e\000s\000\040\000d\000e\000\040\000l\000a\000\040\000m\000i\000g\000r\000a\000t\000i\000o\000n\000\040\000d\000e\000\040\000m\000a\000c\000h\000i\000n\000e\000\040\000v\000i\000r\000t\000u\000e\000l\000l\000e}{section.1}% 3
\BOOKMARK [2][-]{subsection.1.3}{\376\377\000P\000r\000o\000b\000l\000\350\000m\000e\000\040\000l\000o\000r\000s\000\040\000d\000e\000s\000\040\000m\000i\000g\000r\000a\000t\000i\000o\000n\000s\000\040\000d\000e\000\040\000m\000a\000c\000h\000i\000n\000e\000\040\000v\000i\000r\000t\000u\000e\000l\000l\000e\000s}{section.1}% 4
\BOOKMARK [1][-]{section.2}{\376\377\000C\000o\000n\000t\000e\000x\000t\000e\000\040\000t\000e\000c\000h\000n\000i\000q\000u\000e}{}% 5
\BOOKMARK [2][-]{subsection.2.1}{\376\377\000V\000i\000r\000t\000u\000a\000l\000i\000s\000a\000t\000i\000o\000n}{section.2}% 6
\BOOKMARK [3][-]{subsubsection.2.1.1}{\376\377\000C\000h\000o\000i\000x\000\040\000d\000'\000u\000n\000\040\000h\000y\000p\000e\000r\000v\000i\000s\000e\000u\000r\000\040\000:\000\040\000Q\000E\000M\000U}{subsection.2.1}% 7
\BOOKMARK [3][-]{subsubsection.2.1.2}{\376\377\000P\000i\000l\000e\000\040\000d\000e\000\040\000v\000i\000r\000t\000u\000a\000l\000i\000s\000a\000t\000i\000o\000n}{subsection.2.1}% 8
\BOOKMARK [2][-]{subsection.2.2}{\376\377\000T\000e\000c\000h\000n\000i\000q\000u\000e\000s\000\040\000d\000e\000\040\000m\000i\000g\000r\000a\000t\000i\000o\000n}{section.2}% 9
\BOOKMARK [3][-]{subsubsection.2.2.1}{\376\377\000M\000i\000g\000r\000a\000t\000i\000o\000n\000\040\000\340\000\040\000f\000r\000o\000i\000d\000\040\000\050\000n\000o\000n\000-\000l\000i\000v\000e\000\051}{subsection.2.2}% 10
\BOOKMARK [3][-]{subsubsection.2.2.2}{\376\377\000M\000i\000g\000r\000a\000t\000i\000o\000n\000\040\000\340\000\040\000c\000h\000a\000u\000d\000\040\000\050\000l\000i\000v\000e\000\051}{subsection.2.2}% 11
\BOOKMARK [2][-]{subsection.2.3}{\376\377\000M\000i\000g\000r\000a\000t\000i\000o\000n\000\040\000d\000a\000n\000s\000\040\000Q\000E\000M\000U}{section.2}% 12
\BOOKMARK [3][-]{subsubsection.2.3.1}{\376\377\000S\000t\000r\000u\000c\000t\000u\000r\000e\000s\000\040\000d\000e\000\040\000d\000o\000n\000n\000\351\000e\000s\000\040\000d\000a\000n\000s\000\040\000Q\000E\000M\000U}{subsection.2.3}% 13
\BOOKMARK [3][-]{subsubsection.2.3.2}{\376\377\000P\000r\000o\000t\000o\000c\000o\000l\000e\000\040\000d\000'\000\351\000c\000h\000a\000n\000g\000e}{subsection.2.3}% 14
\BOOKMARK [3][-]{subsubsection.2.3.3}{\376\377\000P\000r\000o\000c\000e\000s\000s\000u\000s\000\040\000d\000e\000\040\000m\000i\000g\000r\000a\000t\000i\000o\000n}{subsection.2.3}% 15
\BOOKMARK [3][-]{subsubsection.2.3.4}{\376\377\000M\000i\000g\000r\000a\000t\000i\000o\000n\000\040\000d\000i\000s\000q\000u\000e}{subsection.2.3}% 16
\BOOKMARK [4][-]{subsubsubsection.2.3.4.1}{\376\377\000P\000r\000o\000c\000e\000s\000s\000u\000s\000\040\000d\000e\000\040\000m\000i\000g\000r\000a\000t\000i\000o\000n\000\040\000d\000u\000\040\000d\000i\000s\000q\000u\000e}{subsubsection.2.3.4}% 17
\BOOKMARK [1][-]{section.3}{\376\377\000C\000o\000n\000t\000r\000i\000b\000u\000t\000i\000o\000n}{}% 18
\BOOKMARK [2][-]{subsection.3.1}{\376\377\000C\000a\000h\000i\000e\000r\000\040\000d\000e\000s\000\040\000c\000h\000a\000r\000g\000e\000s}{section.3}% 19
\BOOKMARK [3][-]{subsubsection.3.1.1}{\376\377\000J\000S\000O\000N}{subsection.3.1}% 20
\BOOKMARK [2][-]{subsection.3.2}{\376\377\000S\000o\000l\000u\000t\000i\000o\000n}{section.3}% 21
\BOOKMARK [3][-]{subsubsection.3.2.1}{\376\377\000C\000a\000l\000c\000u\000l\000\040\000d\000e\000\040\000l\000'\000e\000m\000p\000r\000e\000i\000n\000t\000e\000\040\000d\000e\000\040\000l\000a\000\040\000m\000a\000c\000h\000i\000n\000e\000\040\000v\000i\000r\000t\000u\000e\000l\000l\000e}{subsection.3.2}% 22
\BOOKMARK [3][-]{subsubsection.3.2.2}{\376\377\000D\000i\000f\000f\000\351\000r\000e\000n\000t\000e\000s\000\040\000a\000p\000p\000r\000o\000c\000h\000e\000s\000\040\000d\000e\000\040\000l\000a\000\040\000r\000\351\000s\000o\000l\000u\000t\000i\000o\000n\000\040\000d\000u\000\040\000p\000r\000o\000b\000l\000\350\000m\000e}{subsection.3.2}% 23
\BOOKMARK [4][-]{subsubsubsection.3.2.2.1}{\376\377\000A\000p\000p\000r\000o\000c\000h\000e\000\040\000r\000e\000t\000e\000n\000u\000e}{subsubsection.3.2.2}% 24
\BOOKMARK [4][-]{subsubsubsection.3.2.2.2}{\376\377\000D\000\351\000m\000a\000r\000c\000h\000e\000\040\000d\000e\000\040\000r\000\351\000s\000o\000l\000u\000t\000i\000o\000n\000\040\000d\000e\000\040\000l\000a\000\040\000p\000r\000o\000b\000l\000\351\000m\000a\000t\000i\000q\000u\000e}{subsubsection.3.2.2}% 25
\BOOKMARK [2][-]{subsection.3.3}{\376\377\000E\000v\000a\000l\000u\000a\000t\000i\000o\000n}{section.3}% 26
\BOOKMARK [3][-]{subsubsection.3.3.1}{\376\377\000M\000\351\000t\000r\000i\000q\000u\000e\000\040\000d\000e\000\040\000p\000e\000r\000f\000o\000r\000m\000a\000n\000c\000e\000s}{subsection.3.3}% 27
\BOOKMARK [3][-]{subsubsection.3.3.2}{\376\377\000M\000a\000c\000h\000i\000n\000e\000\040\000d\000e\000\040\000t\000e\000s\000t}{subsection.3.3}% 28
\BOOKMARK [3][-]{subsubsection.3.3.3}{\376\377\000I\000m\000p\000a\000c\000t\000\040\000d\000e\000s\000\040\000c\000h\000a\000r\000g\000e\000s\000\040\000d\000e\000\040\000t\000r\000a\000v\000a\000i\000l\000\040\000s\000u\000r\000\040\000l\000a\000\040\000m\000i\000g\000r\000a\000t\000i\000o\000n}{subsection.3.3}% 29
\BOOKMARK [3][-]{subsubsection.3.3.4}{\376\377\000P\000r\000o\000p\000o\000s\000i\000t\000i\000o\000n\000\040\000d\000'\000o\000p\000t\000i\000m\000i\000s\000a\000t\000i\000o\000n}{subsection.3.3}% 30
